<?xml version="1.0" encoding="UTF-8"?>
<testsuite xmlns:xsi="http://www.w3.org/2001/XMLSchema-instance" xsi:noNamespaceSchemaLocation="https://maven.apache.org/surefire/maven-surefire-plugin/xsd/surefire-test-report.xsd" name="com.xinjie.usercenter.service.UserServiceTest" time="3.72" tests="2" errors="1" skipped="0" failures="0">
  <properties>
[...]
</properties>
  <testcase name="testAddUser" classname="com.xinjie.usercenter.service.UserServiceTest" time="1.619"/>
  <testcase name="userRegister" classname="com.xinjie.usercenter.service.UserServiceTest" time="0.147">
    <error message="请求参数错误" type="com.xinjie.usercenter.exception.BusinessException">com.xinjie.usercenter.exception.BusinessException: 请求参数错误
	at com.xinjie.usercenter.service.UserServiceTest.userRegister(UserServiceTest.java:49)
</error>
  </testcase>
</testsuite>